Build started 3/1/2015 7:52:48 PM.
     1>Project "C:\Users\Pooja\Documents\Visual Studio 2013\Projects\FinalExamProject\FinalExamProject\FinalExamProject.vcxproj" on node 2 (Build target(s)).
     1>ClCompile:
         C:\Program Files (x86)\Microsoft Visual Studio 12.0\VC\bin\CL.exe /c /ZI /nologo /W3 /WX- /sdl /Od /Oy- /D _MBCS /Gm /EHsc /RTC1 /MDd /GS /fp:precise /Zc:wchar_t /Zc:forScope /Fo"Debug\\" /Fd"Debug\vc120.pdb" /Gd /TP /analyze- /errorReport:prompt InventoryDatabaseModule.cpp
         InventoryDatabaseModule.cpp
     1>c:\users\pooja\documents\visual studio 2013\projects\finalexamproject\finalexamproject\inventorydatabasemodule.cpp(64): warning C4018: '<' : signed/unsigned mismatch
     1>c:\users\pooja\documents\visual studio 2013\projects\finalexamproject\finalexamproject\inventorydatabasemodule.cpp(68): warning C4018: '>' : signed/unsigned mismatch
     1>c:\users\pooja\documents\visual studio 2013\projects\finalexamproject\finalexamproject\inventorydatabasemodule.cpp(263): warning C4018: '<' : signed/unsigned mismatch
     1>c:\users\pooja\documents\visual studio 2013\projects\finalexamproject\finalexamproject\inventorydatabasemodule.cpp(267): warning C4018: '>' : signed/unsigned mismatch
       Link:
         C:\Program Files (x86)\Microsoft Visual Studio 12.0\VC\bin\link.exe /ERRORREPORT:PROMPT /OUT:"C:\Users\Pooja\Documents\Visual Studio 2013\Projects\FinalExamProject\Debug\FinalExamProject.exe" /INCREMENTAL /NOLOGO kernel32.lib user32.lib gdi32.lib winspool.lib comdlg32.lib advapi32.lib shell32.lib ole32.lib oleaut32.lib uuid.lib odbc32.lib odbccp32.lib /MANIFEST /MANIFESTUAC:"level='asInvoker' uiAccess='false'" /manifest:embed /DEBUG /PDB:"C:\Users\Pooja\Documents\Visual Studio 2013\Projects\FinalExamProject\Debug\FinalExamProject.pdb" /TLBID:1 /DYNAMICBASE /NXCOMPAT /IMPLIB:"C:\Users\Pooja\Documents\Visual Studio 2013\Projects\FinalExamProject\Debug\FinalExamProject.lib" /MACHINE:X86 Debug\Book.obj
         Debug\BookList.obj
         Debug\Date.obj
         Debug\FinalExamProject.obj
         Debug\InventoryDatabaseModule.obj
         Debug\StoreModule.obj
         FinalExamProject.vcxproj -> C:\Users\Pooja\Documents\Visual Studio 2013\Projects\FinalExamProject\Debug\FinalExamProject.exe
     1>Done Building Project "C:\Users\Pooja\Documents\Visual Studio 2013\Projects\FinalExamProject\FinalExamProject\FinalExamProject.vcxproj" (Build target(s)).

Build succeeded.

Time Elapsed 00:00:07.50
